#
# A fatal error has been detected by the Java Runtime Environment:
#
#  EXCEPTION_ACCESS_VIOLATION (0xc0000005) at pc=0x00007ffaee622065, pid=3804, tid=0x00000000000033d0
#
# JRE version: Java(TM) SE Runtime Environment (8.0_102-b14) (build 1.8.0_102-b14)
# Java VM: Java HotSpot(TM) 64-Bit Server VM (25.102-b14 mixed mode windows-amd64 compressed oops)
# Problematic frame:
# C  [ig11icd64.dll+0x42065]
#
# Failed to write core dump. Minidumps are not enabled by default on client versions of Windows
#
# If you would like to submit a bug report, please visit:
#   http://bugreport.java.com/bugreport/crash.jsp
#

---------------  T H R E A D  ---------------

Current thread (0x0000000017469800):  VMThread [stack: 0x0000000019130000,0x0000000019230000] [id=13264]

siginfo: ExceptionCode=0xc0000005, reading address 0x0000000000034868

Registers:
RAX=0x0000000024c87ec0, RBX=0x0000000024c87dc0, RCX=0x0000000000000023, RDX=0x0000000024c87e88
RSP=0x000000001922ebc0, RBP=0x0000000000000000, RSI=0x0000000024c86470, RDI=0x0000000024bbc010
R8 =0x0000000000000000, R9 =0x0000000000000000, R10=0x0000000000000000, R11=0x0000000000000246
R12=0x0000000024b01600, R13=0x0000000000000000, R14=0x0000000024c88250, R15=0x0000000000000000
RIP=0x00007ffaee622065, EFLAGS=0x0000000000010206

Top of Stack: (sp=0x000000001922ebc0)
0x000000001922ebc0:   00000001f46857d4 0000000000000000
0x000000001922ebd0:   0000c2db1d42fc41 0000005400000000
0x000000001922ebe0:   0000000000000088 0000000000000000
0x000000001922ebf0:   0000000000000027 0000000024b01640
0x000000001922ec00:   0000b802008600a8 00007ffaee605526
0x000000001922ec10:   000000000062dd80 0000000024bbc010
0x000000001922ec20:   000000001922ed10 0000000000000000
0x000000001922ec30:   0000000000000000 0000000000000000
0x000000001922ec40:   000000001922eca0 0000000000000000
0x000000001922ec50:   0000000000000000 0000000000000000
0x000000001922ec60:   0000000000000000 0000000000000000
0x000000001922ec70:   0000000000140012 00007ffb481ad690
0x000000001922ec80:   0000000000000000 0000000000000000
0x000000001922ec90:   0000000000000000 0000000000000000
0x000000001922eca0:   0000000000000070 0000000000000000
0x000000001922ecb0:   0000b802008600a8 0000000000000580 

Instructions: (pc=0x00007ffaee622065)
0x00007ffaee622045:   1d 8b c1 83 e0 0f 48 6b c0 38 48 03 c2 48 85 c0
0x00007ffaee622055:   74 0c 48 8b 48 08 eb 08 48 83 c0 08 eb ef 33 c9
0x00007ffaee622065:   48 3b 8d 68 48 03 00 76 6b 48 8b 87 80 02 00 00
0x00007ffaee622075:   49 89 06 48 89 9f 80 02 00 00 ff 87 88 02 00 00 


Register to memory mapping:

RAX=0x0000000024c87ec0 is an unknown value
RBX=0x0000000024c87dc0 is an unknown value
RCX=0x0000000000000023 is an unknown value
RDX=0x0000000024c87e88 is an unknown value
RSP=0x000000001922ebc0 is an unknown value
RBP=0x0000000000000000 is an unknown value
RSI=0x0000000024c86470 is an unknown value
RDI=0x0000000024bbc010 is an unknown value
R8 =0x0000000000000000 is an unknown value
R9 =0x0000000000000000 is an unknown value
R10=0x0000000000000000 is an unknown value
R11=0x0000000000000246 is an unknown value
R12=0x0000000024b01600 is an unknown value
R13=0x0000000000000000 is an unknown value
R14=0x0000000024c88250 is an unknown value
R15=0x0000000000000000 is an unknown value


Stack: [0x0000000019130000,0x0000000019230000],  sp=0x000000001922ebc0,  free space=1018k
Native frames: (J=compiled Java code, j=interpreted, Vv=VM code, C=native code)

VM_Operation (0x000000000254f290): Exit, mode: safepoint, requested by thread 0x0000000002695800


---------------  P R O C E S S  ---------------

Java Threads: ( => current thread )
  0x0000000019d11000 JavaThread "Service Thread" daemon [_thread_blocked, id=17196, stack(0x000000001a860000,0x000000001a960000)]
  0x0000000019cd4800 JavaThread "C1 CompilerThread3" daemon [_thread_blocked, id=11100, stack(0x000000001a760000,0x000000001a860000)]
  0x0000000019ccb800 JavaThread "C2 CompilerThread2" daemon [_thread_blocked, id=15332, stack(0x000000001a660000,0x000000001a760000)]
  0x0000000019cc7000 JavaThread "C2 CompilerThread1" daemon [_thread_blocked, id=18452, stack(0x000000001a560000,0x000000001a660000)]
  0x0000000019cc0000 JavaThread "C2 CompilerThread0" daemon [_thread_blocked, id=18688, stack(0x000000001a460000,0x000000001a560000)]
  0x000000001972e000 JavaThread "Monitor Ctrl-Break" daemon [_thread_in_native, id=4724, stack(0x000000001a360000,0x000000001a460000)]
  0x000000001935c000 JavaThread "Attach Listener" daemon [_thread_blocked, id=14132, stack(0x0000000019a60000,0x0000000019b60000)]
  0x000000001935b000 JavaThread "Signal Dispatcher" daemon [_thread_blocked, id=6040, stack(0x0000000019960000,0x0000000019a60000)]
  0x000000000278d800 JavaThread "Finalizer" daemon [_thread_blocked, id=17696, stack(0x0000000019730000,0x0000000019830000)]
  0x000000000278c000 JavaThread "Reference Handler" daemon [_thread_blocked, id=8432, stack(0x0000000019230000,0x0000000019330000)]
  0x0000000002695800 JavaThread "main" [_thread_blocked, id=19356, stack(0x0000000002450000,0x0000000002550000)]

Other Threads:
=>0x0000000017469800 VMThread [stack: 0x0000000019130000,0x0000000019230000] [id=13264]

VM state:at safepoint (shutting down)

VM Mutex/Monitor currently owned by a thread:  ([mutex/lock_event])
[0x000000000243cf70] Threads_lock - owner thread: 0x0000000017469800

Heap:
 PSYoungGen      total 36352K, used 25941K [0x00000000d7780000, 0x00000000da000000, 0x0000000100000000)
  eden space 31232K, 83% used [0x00000000d7780000,0x00000000d90d5570,0x00000000d9600000)
  from space 5120K, 0% used [0x00000000d9b00000,0x00000000d9b00000,0x00000000da000000)
  to   space 5120K, 0% used [0x00000000d9600000,0x00000000d9600000,0x00000000d9b00000)
 ParOldGen       total 83456K, used 0K [0x0000000086600000, 0x000000008b780000, 0x00000000d7780000)
  object space 83456K, 0% used [0x0000000086600000,0x0000000086600000,0x000000008b780000)
 Metaspace       used 9985K, capacity 10225K, committed 10496K, reserved 1058816K
  class space    used 853K, capacity 949K, committed 1024K, reserved 1048576K

Card table byte_map: [0x0000000011b50000,0x0000000011f20000] byte_map_base: 0x000000001171d000

Marking Bits: (ParMarkBitMap*) 0x00000000554ba6c0
 Begin Bits: [0x00000000129b0000, 0x0000000014818000)
 End Bits:   [0x0000000014818000, 0x0000000016680000)

Polling page: 0x0000000000a90000

CodeCache: size=245760Kb used=3044Kb max_used=3044Kb free=242715Kb
 bounds [0x0000000002790000, 0x0000000002a90000, 0x0000000011790000]
 total_blobs=1594 nmethods=668 adapters=839
 compilation: enabled

Compilation events (10 events):
Event: 2.740 Thread 0x0000000019cd4800  664       3       java.lang.Character::charCount (12 bytes)
Event: 2.740 Thread 0x0000000019cd4800 nmethod 664 0x0000000002a88450 code [0x0000000002a885a0, 0x0000000002a88730]
Event: 2.742 Thread 0x0000000019cd4800  665       3       java.nio.CharBuffer::arrayOffset (35 bytes)
Event: 2.742 Thread 0x0000000019cd4800 nmethod 665 0x0000000002a87e50 code [0x0000000002a87fe0, 0x0000000002a882f8]
Event: 2.742 Thread 0x0000000019cd4800  666       3       java.nio.Buffer::hasRemaining (17 bytes)
Event: 2.743 Thread 0x0000000019cd4800 nmethod 666 0x0000000002a87ad0 code [0x0000000002a87c20, 0x0000000002a87dd0]
Event: 2.743 Thread 0x0000000019cd4800  667       3       java.nio.charset.CoderResult::isUnderflow (13 bytes)
Event: 2.743 Thread 0x0000000019cd4800 nmethod 667 0x0000000002a87750 code [0x0000000002a878a0, 0x0000000002a87a50]
Event: 2.759 Thread 0x0000000019cd4800  668       3       java.nio.ByteBuffer::arrayOffset (35 bytes)
Event: 2.759 Thread 0x0000000019cd4800 nmethod 668 0x0000000002a899d0 code [0x0000000002a89b60, 0x0000000002a89e78]

GC Heap History (0 events):
No events

Deoptimization events (1 events):
Event: 0.701 Thread 0x0000000002695800 Uncommon trap: reason=unstable_if action=reinterpret pc=0x0000000002936a00 method=java.lang.String.indexOf([CII[CIII)I @ 134

Internal exceptions (10 events):
Event: 0.772 Thread 0x0000000002695800 Exception <a 'sun/nio/fs/WindowsException'> (0x00000000d82c16c8) thrown at [C:\re\workspace\8-2-build-windows-amd64-cygwin\jdk8u102\7268\hotspot\src\share\vm\prims\jni.cpp, line 709]
Event: 0.817 Thread 0x0000000002695800 Exception <a 'sun/nio/fs/WindowsException'> (0x00000000d83e7938) thrown at [C:\re\workspace\8-2-build-windows-amd64-cygwin\jdk8u102\7268\hotspot\src\share\vm\prims\jni.cpp, line 709]
Event: 0.817 Thread 0x0000000002695800 Exception <a 'sun/nio/fs/WindowsException'> (0x00000000d83e8068) thrown at [C:\re\workspace\8-2-build-windows-amd64-cygwin\jdk8u102\7268\hotspot\src\share\vm\prims\jni.cpp, line 709]
Event: 0.850 Thread 0x0000000002695800 Exception <a 'sun/nio/fs/WindowsException'> (0x00000000d84b64f8) thrown at [C:\re\workspace\8-2-build-windows-amd64-cygwin\jdk8u102\7268\hotspot\src\share\vm\prims\jni.cpp, line 709]
Event: 0.850 Thread 0x0000000002695800 Exception <a 'sun/nio/fs/WindowsException'> (0x00000000d84b6bd8) thrown at [C:\re\workspace\8-2-build-windows-amd64-cygwin\jdk8u102\7268\hotspot\src\share\vm\prims\jni.cpp, line 709]
Event: 2.376 Thread 0x0000000002695800 Exception <a 'sun/nio/fs/WindowsException'> (0x00000000d86934e8) thrown at [C:\re\workspace\8-2-build-windows-amd64-cygwin\jdk8u102\7268\hotspot\src\share\vm\prims\jni.cpp, line 709]
Event: 2.376 Thread 0x0000000002695800 Exception <a 'sun/nio/fs/WindowsException'> (0x00000000d8693c28) thrown at [C:\re\workspace\8-2-build-windows-amd64-cygwin\jdk8u102\7268\hotspot\src\share\vm\prims\jni.cpp, line 709]
Event: 2.382 Thread 0x0000000002695800 Exception <a 'sun/nio/fs/WindowsException'> (0x00000000d86aac98) thrown at [C:\re\workspace\8-2-build-windows-amd64-cygwin\jdk8u102\7268\hotspot\src\share\vm\prims\jni.cpp, line 709]
Event: 2.383 Thread 0x0000000002695800 Exception <a 'sun/nio/fs/WindowsException'> (0x00000000d86ab290) thrown at [C:\re\workspace\8-2-build-windows-amd64-cygwin\jdk8u102\7268\hotspot\src\share\vm\prims\jni.cpp, line 709]
Event: 2.759 Thread 0x0000000002695800 Exception <a 'java/lang/NullPointerException'> (0x00000000d9040498) thrown at [C:\re\workspace\8-2-build-windows-amd64-cygwin\jdk8u102\7268\hotspot\src\share\vm\interpreter\linkResolver.cpp, line 1178]

Events (10 events):
Event: 2.741 loading class java/util/IdentityHashMap done
Event: 2.741 loading class java/util/IdentityHashMap$KeySet
Event: 2.741 loading class java/util/IdentityHashMap$KeySet done
Event: 2.743 loading class engine/Scene
Event: 2.743 loading class engine/Scene done
Event: 2.759 loading class java/lang/Shutdown
Event: 2.759 loading class java/lang/Shutdown done
Event: 2.759 loading class java/lang/Shutdown$Lock
Event: 2.759 loading class java/lang/Shutdown$Lock done
Event: 2.760 Executing VM operation: Exit


Dynamic libraries:
0x00007ff6a0910000 - 0x00007ff6a0947000 	C:\Program Files\Java\jdk1.8.0_102\bin\java.exe
0x00007ffb612c0000 - 0x00007ffb614b0000 	C:\windows\SYSTEM32\ntdll.dll
0x00007ffb60470000 - 0x00007ffb60522000 	C:\windows\System32\KERNEL32.DLL
0x00007ffb5e300000 - 0x00007ffb5e5a4000 	C:\windows\System32\KERNELBASE.dll
0x00007ffb5f5e0000 - 0x00007ffb5f683000 	C:\windows\System32\ADVAPI32.dll
0x00007ffb5f810000 - 0x00007ffb5f8ae000 	C:\windows\System32\msvcrt.dll
0x00007ffb602e0000 - 0x00007ffb60377000 	C:\windows\System32\sechost.dll
0x00007ffb60530000 - 0x00007ffb60650000 	C:\windows\System32\RPCRT4.dll
0x00007ffb610e0000 - 0x00007ffb61274000 	C:\windows\System32\USER32.dll
0x00007ffb5e6f0000 - 0x00007ffb5e711000 	C:\windows\System32\win32u.dll
0x00007ffb61000000 - 0x00007ffb61026000 	C:\windows\System32\GDI32.dll
0x00007ffb5e820000 - 0x00007ffb5e9b4000 	C:\windows\System32\gdi32full.dll
0x00007ffb5e630000 - 0x00007ffb5e6ce000 	C:\windows\System32\msvcp_win.dll
0x00007ffb5e720000 - 0x00007ffb5e81a000 	C:\windows\System32\ucrtbase.dll
0x00007ffb50dc0000 - 0x00007ffb51044000 	C:\windows\WinSxS\amd64_microsoft.windows.common-controls_6595b64144ccf1df_6.0.18362.836_none_e6c4b943130f18ed\COMCTL32.dll
0x00007ffb5ffa0000 - 0x00007ffb602d6000 	C:\windows\System32\combase.dll
0x00007ffb5e5b0000 - 0x00007ffb5e630000 	C:\windows\System32\bcryptPrimitives.dll
0x00007ffb60e90000 - 0x00007ffb60ebe000 	C:\windows\System32\IMM32.DLL
0x0000000055540000 - 0x0000000055611000 	C:\Program Files\Java\jdk1.8.0_102\jre\bin\msvcr100.dll
0x0000000054ca0000 - 0x000000005553a000 	C:\Program Files\Java\jdk1.8.0_102\jre\bin\server\jvm.dll
0x00007ffb5f7a0000 - 0x00007ffb5f7a8000 	C:\windows\System32\PSAPI.DLL
0x00007ffb598e0000 - 0x00007ffb59904000 	C:\windows\SYSTEM32\WINMM.dll
0x00007ffb558b0000 - 0x00007ffb558ba000 	C:\windows\SYSTEM32\VERSION.dll
0x00007ffb3cca0000 - 0x00007ffb3cca9000 	C:\windows\SYSTEM32\WSOCK32.dll
0x00007ffb60720000 - 0x00007ffb6078f000 	C:\windows\System32\WS2_32.dll
0x00007ffb598b0000 - 0x00007ffb598dd000 	C:\windows\SYSTEM32\WINMMBASE.dll
0x00007ffb5e250000 - 0x00007ffb5e29a000 	C:\windows\System32\cfgmgr32.dll
0x0000000055b70000 - 0x0000000055b7f000 	C:\Program Files\Java\jdk1.8.0_102\jre\bin\verify.dll
0x0000000055b40000 - 0x0000000055b69000 	C:\Program Files\Java\jdk1.8.0_102\jre\bin\java.dll
0x0000000054bf0000 - 0x0000000054c13000 	C:\Program Files\Java\jdk1.8.0_102\jre\bin\instrument.dll
0x0000000054c60000 - 0x0000000054c76000 	C:\Program Files\Java\jdk1.8.0_102\jre\bin\zip.dll
0x00007ffb5f8b0000 - 0x00007ffb5ff94000 	C:\windows\System32\SHELL32.dll
0x00007ffb5f3d0000 - 0x00007ffb5f479000 	C:\windows\System32\shcore.dll
0x00007ffb5e9c0000 - 0x00007ffb5f13e000 	C:\windows\System32\windows.storage.dll
0x00007ffb5e190000 - 0x00007ffb5e1b3000 	C:\windows\System32\profapi.dll
0x00007ffb5e1c0000 - 0x00007ffb5e20a000 	C:\windows\System32\powrprof.dll
0x00007ffb5e180000 - 0x00007ffb5e190000 	C:\windows\System32\UMPDC.dll
0x00007ffb5f370000 - 0x00007ffb5f3c2000 	C:\windows\System32\shlwapi.dll
0x00007ffb5e210000 - 0x00007ffb5e221000 	C:\windows\System32\kernel.appcore.dll
0x00007ffb5e6d0000 - 0x00007ffb5e6e7000 	C:\windows\System32\cryptsp.dll
0x00007ffb4d190000 - 0x00007ffb4d1aa000 	C:\Program Files\JetBrains\IntelliJ IDEA 2019.3.3\bin\breakgen64.dll
0x0000000054c40000 - 0x0000000054c5a000 	C:\Program Files\Java\jdk1.8.0_102\jre\bin\net.dll
0x00007ffb5d9f0000 - 0x00007ffb5da57000 	C:\windows\system32\mswsock.dll
0x0000000054c20000 - 0x0000000054c31000 	C:\Program Files\Java\jdk1.8.0_102\jre\bin\nio.dll
0x00007ffb38280000 - 0x00007ffb382e4000 	C:\Users\nikit\AppData\Local\Temp\lwjglnikit\3.2.3-build-13\lwjgl.dll
0x00007ffaf8b00000 - 0x00007ffaf8d53000 	C:\Users\nikit\AppData\Local\Temp\lwjglnikit\3.2.3-build-13\jemalloc.dll
0x00007ffb37cf0000 - 0x00007ffb37d52000 	C:\Users\nikit\AppData\Local\Temp\lwjglnikit\3.2.3-build-13\glfw.dll
0x00007ffb5c3e0000 - 0x00007ffb5c479000 	C:\windows\system32\uxtheme.dll
0x00007ffb4cc70000 - 0x00007ffb4ccb3000 	C:\windows\SYSTEM32\dinput8.dll
0x00007ffb4cfc0000 - 0x00007ffb4cfd1000 	C:\windows\SYSTEM32\xinput1_4.dll
0x00007ffb5df80000 - 0x00007ffb5dfaa000 	C:\windows\SYSTEM32\DEVOBJ.dll
0x00007ffb5c830000 - 0x00007ffb5c85d000 	C:\windows\SYSTEM32\dwmapi.dll
0x00007ffb2d700000 - 0x00007ffb2d81b000 	C:\windows\SYSTEM32\inputhost.dll
0x00007ffb5bd70000 - 0x00007ffb5be44000 	C:\windows\SYSTEM32\CoreMessaging.dll
0x00007ffb585c0000 - 0x00007ffb588ea000 	C:\windows\SYSTEM32\CoreUIComponents.dll
0x00007ffb59f00000 - 0x00007ffb5a053000 	C:\windows\SYSTEM32\wintypes.dll
0x00007ffb5a7d0000 - 0x00007ffb5a8c0000 	C:\windows\SYSTEM32\PROPSYS.dll
0x00007ffb5d1e0000 - 0x00007ffb5d211000 	C:\windows\SYSTEM32\ntmarta.dll
0x00007ffb5f690000 - 0x00007ffb5f754000 	C:\windows\System32\OLEAUT32.dll
0x00007ffb60ec0000 - 0x00007ffb60ff6000 	C:\windows\System32\MSCTF.dll
0x00007ffb5cd90000 - 0x00007ffb5cd9e000 	C:\windows\SYSTEM32\HID.DLL
0x00007ffb60790000 - 0x00007ffb60c00000 	C:\windows\System32\SETUPAPI.DLL
0x00007ffb5f340000 - 0x00007ffb5f366000 	C:\windows\System32\bcrypt.dll
0x00007ffb5e2a0000 - 0x00007ffb5e2fc000 	C:\windows\System32\WINTRUST.dll
0x00007ffb5e230000 - 0x00007ffb5e242000 	C:\windows\System32\MSASN1.dll
0x00007ffb5f1f0000 - 0x00007ffb5f339000 	C:\windows\System32\CRYPT32.dll
0x00007ffb29da0000 - 0x00007ffb29ef6000 	C:\windows\SYSTEM32\opengl32.dll
0x00007ffb29d70000 - 0x00007ffb29d9c000 	C:\windows\SYSTEM32\GLU32.dll
0x00007ffb5cdf0000 - 0x00007ffb5ce10000 	C:\windows\SYSTEM32\dxcore.dll
0x00007ffaee5e0000 - 0x00007ffaef516000 	C:\windows\System32\DriverStore\FileRepository\iigd_dch.inf_amd64_99f3effa9b6e163f\ig11icd64.dll
0x00007ffb5f480000 - 0x00007ffb5f5d7000 	C:\windows\System32\OLE32.DLL
0x00007ffb5ce80000 - 0x00007ffb5cf6b000 	C:\windows\system32\dxgi.dll
0x00007ffb517d0000 - 0x00007ffb53bcc000 	C:\windows\System32\DriverStore\FileRepository\iigd_dch.inf_amd64_99f3effa9b6e163f\igc64.dll
0x00007ffb53bf0000 - 0x00007ffb53d90000 	C:\windows\System32\DriverStore\FileRepository\iigd_dch.inf_amd64_99f3effa9b6e163f\igdgmm64.dll
0x00007ffb2d820000 - 0x00007ffb2d8be000 	C:\windows\System32\TextInputFramework.dll
0x00007ffb48060000 - 0x00007ffb48306000 	C:\windows\System32\iertutil.dll
0x00007ffb2aeb0000 - 0x00007ffb2af15000 	C:\windows\system32\Oleacc.dll
0x00007ffb37aa0000 - 0x00007ffb37af9000 	C:\Users\nikit\AppData\Local\Temp\lwjglnikit\3.2.3-build-13\lwjgl_opengl.dll
0x00007ffb4e730000 - 0x00007ffb4e924000 	C:\windows\SYSTEM32\dbghelp.dll

VM Arguments:
jvm_args: -javaagent:C:\Program Files\JetBrains\IntelliJ IDEA 2019.3.3\lib\idea_rt.jar=59020:C:\Program Files\JetBrains\IntelliJ IDEA 2019.3.3\bin -Dfile.encoding=UTF-8 
java_command: game.Main
java_class_path (initial): C:\Program Files\Java\jdk1.8.0_102\jre\lib\charsets.jar;C:\Program Files\Java\jdk1.8.0_102\jre\lib\deploy.jar;C:\Program Files\Java\jdk1.8.0_102\jre\lib\ext\access-bridge-64.jar;C:\Program Files\Java\jdk1.8.0_102\jre\lib\ext\cldrdata.jar;C:\Program Files\Java\jdk1.8.0_102\jre\lib\ext\dnsns.jar;C:\Program Files\Java\jdk1.8.0_102\jre\lib\ext\jaccess.jar;C:\Program Files\Java\jdk1.8.0_102\jre\lib\ext\jfxrt.jar;C:\Program Files\Java\jdk1.8.0_102\jre\lib\ext\localedata.jar;C:\Program Files\Java\jdk1.8.0_102\jre\lib\ext\nashorn.jar;C:\Program Files\Java\jdk1.8.0_102\jre\lib\ext\sunec.jar;C:\Program Files\Java\jdk1.8.0_102\jre\lib\ext\sunjce_provider.jar;C:\Program Files\Java\jdk1.8.0_102\jre\lib\ext\sunmscapi.jar;C:\Program Files\Java\jdk1.8.0_102\jre\lib\ext\sunpkcs11.jar;C:\Program Files\Java\jdk1.8.0_102\jre\lib\ext\zipfs.jar;C:\Program Files\Java\jdk1.8.0_102\jre\lib\javaws.jar;C:\Program Files\Java\jdk1.8.0_102\jre\lib\jce.jar;C:\Program Files\Java\jdk1.8.0_102\jre\lib\jfr.jar;C:\Program Files\Java\jdk1.8.0_102\jre\lib\jfxswt.jar;C:\Program Files\Java\jdk1.8.0_102\jre\lib\jsse.jar;C:\Program Files\Java\jdk1.8.0_102\jre\lib\management-agent.jar;C:\Program Files\Java\jdk1.8.0_102\jre\lib\plugin.jar;C:\Program Files\Java\jdk1.8.0_102\jre\lib\resources.jar;C:\Program Files\Java\jdk1.8.0_102\jre\lib\rt.jar;D:\temp\ALGO\ICare\out\production\ICare;D:\temp\ALGO\ICare\libs\lwjgl.jar;D:\temp\ALGO\ICare\libs\lwjgl-egl.jar;D:\temp\ALGO\ICare\libs\lwjgl-lz4.jar;D:\temp\ALGO\ICare\libs\lwjgl-nfd.jar;D:\temp\ALGO\ICare\libs\lwjgl-ovr.jar;D:\temp\ALGO\ICare\libs\lwjgl-par.jar;D:\temp\ALGO\ICare\libs\lwjgl-sse.jar;D:\temp\ALGO\ICare\libs\lwjgl-stb.jar;D:\temp\ALGO\ICare\libs\lwjgl-vma.jar;D:\temp\ALGO\ICare\libs\lwjgl-bgfx.jar;D:\temp\ALGO\ICare\libs\lwjgl-cuda.jar;D:\temp\ALGO\ICare\libs\lwjgl-glfw.jar;D:\temp\ALGO\ICare\libs\lwjgl-jawt.jar;D:\temp\ALGO\ICare\libs\lwjgl-llvm.jar;D:\temp\ALGO\ICare\libs\lwjgl-lmdb.jar;D:\temp\ALGO\ICare\libs\lwjgl-meow.ja
Launcher Type: SUN_STANDARD

Environment Variables:
PATH=C:\Program Files (x86)\Common Files\Oracle\Java\javapath;C:\windows\system32;C:\windows;C:\windows\System32\Wbem;C:\windows\System32\WindowsPowerShell\v1.0\;C:\windows\System32\OpenSSH\;C:\Program Files\Git\cmd;C:\wamp64\bin\php\php7.2.18;C:\composer;c:\Program Files (x86)\Microsoft SQL Server\110\Tools\Binn\;c:\Program Files\Microsoft SQL Server\110\Tools\Binn\;c:\Program Files\Microsoft SQL Server\110\DTS\Binn\;C:\Program Files\nodejs\;C:\Users\nikit\AppData\Local\Microsoft\WindowsApps;C:\wamp64\bin\php\php7.2.18;C:\Users\nikit\AppData\Roaming\Composer\vendor\bin;C:\Program Files\nodejs\;C:\Program Files\Java\jdk1.8.0_102\bin;C:\Program Files\JetBrains\IntelliJ IDEA 2019.3.3\bin;;C:\Program Files\JetBrains\DataGrip 2019.3.4\bin;;C:\Program Files\Docker Toolbox;C:\Program Files\JetBrains\PyCharm 2020.1\bin;;D:\gradle-6.3\bin;C:\Users\nikit\AppData\Roaming\npm
USERNAME=nikit
OS=Windows_NT
PROCESSOR_IDENTIFIER=Intel64 Family 6 Model 126 Stepping 5, GenuineIntel



---------------  S Y S T E M  ---------------

OS: Windows 10.0 , 64 bit Build 18362 (10.0.18362.778)

CPU:total 8 (4 cores per cpu, 2 threads per core) family 6 model 126 stepping 5, cmov, cx8, fxsr, mmx, sse, sse2, sse3, ssse3, sse4.1, sse4.2, popcnt, avx, avx2, aes, clmul, erms, 3dnowpref, lzcnt, ht, tsc, tscinvbit, bmi1, bmi2, adx

Memory: 4k page, physical 7969312k(1041776k free), swap 17706560k(2787092k free)

vm_info: Java HotSpot(TM) 64-Bit Server VM (25.102-b14) for windows-amd64 JRE (1.8.0_102-b14), built on Jun 22 2016 13:15:21 by "java_re" with MS VC++ 10.0 (VS2010)

time: Thu May 21 20:39:42 2020
elapsed time: 3 seconds (0d 0h 0m 3s)

